[ 2025-10-27 15:21:48,382 ] 18 root - INFO - Initiate the data ingestion
[ 2025-10-27 15:22:05,623 ] 41 root - INFO - Data loaded from MongoDB: (11055, 31)
[ 2025-10-27 15:22:05,667 ] 55 root - INFO - Data exported to feature store at: Artifacts\10_27_2025_15_21_48\data_ingestion\feature_store\feature_store.csv
[ 2025-10-27 15:22:05,714 ] 79 root - INFO - Train and Test data saved at Artifacts\10_27_2025_15_21_48\data_ingestion
[ 2025-10-27 15:22:05,714 ] 96 root - INFO - Data Ingestion completed successfully.
[ 2025-10-27 15:22:05,714 ] 20 root - INFO - Data Initiation Completed
[ 2025-10-27 15:22:05,722 ] 26 root - INFO - Initiate the data validation
[ 2025-10-27 15:22:05,786 ] 37 root - INFO - Required number of columns: 31
[ 2025-10-27 15:22:05,786 ] 38 root - INFO - Data frame has columns: 31
[ 2025-10-27 15:22:05,786 ] 37 root - INFO - Required number of columns: 31
[ 2025-10-27 15:22:05,786 ] 38 root - INFO - Data frame has columns: 31
[ 2025-10-27 15:22:05,893 ] 28 root - INFO - Data validation Completed
[ 2025-10-27 15:22:05,893 ] 33 root - INFO - Data Transformation Confirmation
[ 2025-10-27 15:22:05,893 ] 61 root - INFO - Entered initiate_data_transformation method of DataTransformation class
[ 2025-10-27 15:22:05,893 ] 64 root - INFO - Starting data transformation
[ 2025-10-27 15:22:05,942 ] 74 root - INFO - Read train data with shape: (8844, 31)
[ 2025-10-27 15:22:05,942 ] 75 root - INFO - Read test data with shape: (2211, 31)
[ 2025-10-27 15:22:05,942 ] 87 root - INFO - Separated features and target variables
[ 2025-10-27 15:22:05,942 ] 88 root - INFO - Training features shape: (8844, 30)
[ 2025-10-27 15:22:05,942 ] 89 root - INFO - Testing features shape: (2211, 30)
[ 2025-10-27 15:22:05,942 ] 46 root - INFO - Entered get_data_transformer_object method of DataTransformation class
[ 2025-10-27 15:22:05,942 ] 50 root - INFO - Initialised KNNImputer with {'missing_values': nan, 'n_neighbors': 3, 'weights': 'uniform'}
[ 2025-10-27 15:22:05,942 ] 54 root - INFO - Created preprocessing pipeline with KNNImputer
[ 2025-10-27 15:22:05,942 ] 98 root - INFO - Applied preprocessing transformation
[ 2025-10-27 15:22:05,942 ] 104 root - INFO - Combined train array shape: (8844, 31)
[ 2025-10-27 15:22:05,942 ] 105 root - INFO - Combined test array shape: (2211, 31)
[ 2025-10-27 15:22:05,958 ] 59 root - INFO - Entered the save_object method of MainUtils class
[ 2025-10-27 15:22:05,958 ] 63 root - INFO - Exited the save_object method of MainUtils class
[ 2025-10-27 15:22:05,958 ] 121 root - INFO - Saved all transformed data and preprocessor object
[ 2025-10-27 15:22:05,958 ] 130 root - INFO - Data transformation completed successfully
[ 2025-10-27 15:22:05,958 ] 131 root - INFO - Created artifact: DataTransformationArtifact(transformed_object_file_path='Artifacts\\10_27_2025_15_21_48\\10_27_2025_15_21_48\\data_transformation\\transformed_object\\preprocessor.pkl', transformed_train_file_path='Artifacts\\10_27_2025_15_21_48\\10_27_2025_15_21_48\\data_transformation\\transformed\\train.npy', transformed_test_file_path='Artifacts\\10_27_2025_15_21_48\\10_27_2025_15_21_48\\data_transformation\\transformed\\test.npy')
[ 2025-10-27 15:22:05,958 ] 36 root - INFO - Data Transformation Completed
[ 2025-10-27 15:22:05,958 ] 40 root - INFO - Model Training started
[ 2025-10-27 15:22:05,993 ] 133 root - INFO - Training data shape: (8844, 30), Test data shape: (2211, 30)
[ 2025-10-27 15:22:05,994 ] 134 root - INFO - Training target unique values: {np.float64(0.0), np.float64(1.0)}
[ 2025-10-27 15:22:05,994 ] 64 root - INFO - Starting model evaluation with all classifiers
[ 2025-10-27 15:25:13,269 ] 83 root - INFO - Best model found: Random Forest with score: 0.8562586474186934
[ 2025-10-27 15:25:13,379 ] 59 root - INFO - Entered the save_object method of MainUtils class
[ 2025-10-27 15:25:13,393 ] 63 root - INFO - Exited the save_object method of MainUtils class
[ 2025-10-27 15:25:13,394 ] 110 root - INFO - Model trainer artifact: ModelTrainerArtifact(trained_model_file_path='Artifacts\\10_27_2025_15_21_48\\10_27_2025_15_21_48\\model_trainer\\trained_model\\model.pkl', train_metric_artifact=ClassificationMetricArtifact(f1_score=0.9915573186857899, precision_score=0.9888415500101441, recall_score=0.9942880456956344), test_metric_artifact=ClassificationMetricArtifact(f1_score=0.9691699604743083, precision_score=0.9615686274509804, recall_score=0.9768924302788845))
[ 2025-10-27 15:25:13,396 ] 44 root - INFO - Model Training artifact created
